<?xml version="1.0" encoding="UTF-8"?>
<!-- Generated by org.testng.reporters.JUnitReportReporter -->
<testsuite hostname="DESKTOP-OSUCQ8V" failures="0" tests="1" name="com.testCases.Login" time="0.003" errors="0" timestamp="2022-03-25T19:03:37 IST" skipped="0">
  <testcase classname="com.testCases.Login" name="login" time="0.003"/>
  <system-out/>
</testsuite> <!-- com.testCases.Login -->
