<?xml version="1.0" encoding="UTF-8"?>
<!-- Generated by org.testng.reporters.JUnitReportReporter -->
<testsuite hostname="DESKTOP-OSUCQ8V" failures="0" tests="1" name="pageObjectModel.POM_001" time="5.423" errors="0" timestamp="26 Mar 2022 10:39:19 GMT" skipped="0">
  <testcase classname="pageObjectModel.POM_001" name="f" time="5.423"/>
</testsuite> <!-- pageObjectModel.POM_001 -->
