<?xml version="1.0" encoding="UTF-8"?>
<!-- Generated by org.testng.reporters.JUnitReportReporter -->
<testsuite hostname="DESKTOP-OSUCQ8V" failures="0" tests="3" name="excelDataDriven.DataProviderTest" time="0.008" errors="0" timestamp="25 Mar 2022 10:53:04 GMT" skipped="0">
  <testcase classname="excelDataDriven.DataProviderTest" name="f" time="0.000"/>
  <testcase classname="excelDataDriven.DataProviderTest" name="f" time="0.007"/>
  <testcase classname="excelDataDriven.DataProviderTest" name="f" time="0.001"/>
</testsuite> <!-- excelDataDriven.DataProviderTest -->
