<?xml version="1.0" encoding="UTF-8"?>
<!-- Generated by org.testng.reporters.JUnitReportReporter -->
<testsuite hostname="DESKTOP-OSUCQ8V" failures="0" tests="1" name="com.project.TestNG_001" time="0.008" errors="0" timestamp="2022-03-21T18:01:37 IST" skipped="0">
  <testcase classname="com.project.TestNG_001" name="f" time="0.008"/>
  <system-out/>
</testsuite> <!-- com.project.TestNG_001 -->
