<?xml version="1.0" encoding="UTF-8"?>
<!-- Generated by org.testng.reporters.JUnitReportReporter -->
<testsuite hostname="DESKTOP-OSUCQ8V" failures="0" tests="4" name="com.project.TestDependency" time="0.009" errors="0" timestamp="2022-03-22T10:09:49 IST" skipped="2">
  <testcase classname="com.project.TestDependency" name="orange" time="0.006"/>
  <system-out/>
  <testcase classname="com.project.TestDependency" name="white" time="0.001">
    <skipped/>
  </testcase> <!-- white -->
  <system-out/>
  <testcase classname="com.project.TestDependency" name="green" time="0.001"/>
  <system-out/>
  <testcase classname="com.project.TestDependency" name="blue" time="0.001">
    <skipped/>
  </testcase> <!-- blue -->
  <system-out/>
</testsuite> <!-- com.project.TestDependency -->
