<?xml version="1.0" encoding="UTF-8"?>
<!-- Generated by org.testng.reporters.JUnitReportReporter -->
<testsuite hostname="DESKTOP-OSUCQ8V" failures="0" tests="1" name="SuiteA.TestA1" time="5.019" errors="0" timestamp="2022-03-22T00:18:47 IST" skipped="0">
  <testcase classname="SuiteA.TestA1" name="testA1" time="5.019"/>
  <system-out/>
</testsuite> <!-- SuiteA.TestA1 -->
