<?xml version="1.0" encoding="UTF-8"?>
<!-- Generated by org.testng.reporters.JUnitReportReporter -->
<testsuite hostname="DESKTOP-OSUCQ8V" failures="0" tests="1" name="com.project.TestNG_003" time="19.937" errors="0" timestamp="2022-03-22T00:40:38 IST" skipped="0">
  <testcase classname="com.project.TestNG_003" name="f" time="19.937"/>
  <system-out/>
</testsuite> <!-- com.project.TestNG_003 -->
