<?xml version="1.0" encoding="UTF-8"?>
<!-- Generated by org.testng.reporters.JUnitReportReporter -->
<testsuite hostname="DESKTOP-OSUCQ8V" failures="0" tests="1" name="com.project.CheckBox1" time="3.866" errors="0" timestamp="2022-03-22T00:40:38 IST" skipped="0">
  <testcase classname="com.project.CheckBox1" name="checkboxTest" time="3.866"/>
  <system-out/>
</testsuite> <!-- com.project.CheckBox1 -->
