<?xml version="1.0" encoding="UTF-8"?>
<!-- Generated by org.testng.reporters.JUnitReportReporter -->
<testsuite hostname="DESKTOP-OSUCQ8V" failures="0" tests="1" name="com.project.LinksTesting1" time="8.328" errors="0" timestamp="22 Mar 2022 12:10:50 GMT" skipped="0">
  <testcase classname="com.project.LinksTesting1" name="linksTesting1" time="8.328"/>
</testsuite> <!-- com.project.LinksTesting1 -->
