<?xml version="1.0" encoding="UTF-8"?>
<!-- Generated by org.testng.reporters.JUnitReportReporter -->
<testsuite hostname="DESKTOP-OSUCQ8V" failures="0" tests="1" name="SuiteB.TestB2" time="5.015" errors="0" timestamp="2022-03-22T00:18:47 IST" skipped="0">
  <testcase classname="SuiteB.TestB2" name="testB2" time="5.015"/>
  <system-out/>
</testsuite> <!-- SuiteB.TestB2 -->
