<?xml version="1.0" encoding="UTF-8"?>
<!-- Generated by org.testng.reporters.JUnitReportReporter -->
<testsuite hostname="DESKTOP-OSUCQ8V" failures="0" tests="3" name="com.project.TestNG_002" time="0.007" errors="0" timestamp="2022-03-21T19:18:14 IST" skipped="1">
  <testcase classname="com.project.TestNG_002" name="f" time="0.006"/>
  <system-out/>
  <testcase classname="com.project.TestNG_002" name="a" time="0.001"/>
  <system-out/>
  <testcase classname="com.project.TestNG_002" name="b">
    <skipped/>
  </testcase> <!-- b -->
  <system-out/>
</testsuite> <!-- com.project.TestNG_002 -->
