<?xml version="1.0" encoding="UTF-8"?>
<!-- Generated by org.testng.reporters.JUnitReportReporter -->
<testsuite hostname="DESKTOP-OSUCQ8V" failures="0" tests="1" name="switches.AlertHandling" time="10.225" errors="0" timestamp="29 Mar 2022 09:53:57 GMT" skipped="0">
  <testcase classname="switches.AlertHandling" name="f" time="10.225"/>
</testsuite> <!-- switches.AlertHandling -->
