<?xml version="1.0" encoding="UTF-8"?>
<!-- Generated by org.testng.reporters.JUnitReportReporter -->
<testsuite hostname="DESKTOP-OSUCQ8V" failures="0" tests="3" name="com.project.TestNG_004" time="0.021" errors="0" timestamp="2022-03-21T23:29:01 IST" skipped="0">
  <testcase classname="com.project.TestNG_004" name="test2" time="0.007"/>
  <system-out/>
  <testcase classname="com.project.TestNG_004" name="test1" time="0.007"/>
  <system-out/>
  <testcase classname="com.project.TestNG_004" name="test3" time="0.007"/>
  <system-out/>
</testsuite> <!-- com.project.TestNG_004 -->
