<?xml version="1.0" encoding="UTF-8"?>
<!-- Generated by org.testng.reporters.JUnitReportReporter -->
<testsuite hostname="DESKTOP-OSUCQ8V" failures="0" tests="1" name="com.project.RadioButton1" time="6.892" errors="0" timestamp="2022-03-22T00:40:38 IST" skipped="0">
  <testcase classname="com.project.RadioButton1" name="RadioButtonTest" time="6.892"/>
  <system-out/>
</testsuite> <!-- com.project.RadioButton1 -->
